<?xml version="1.0" encoding="UTF-8"?>
<!-- Generated by org.testng.reporters.JUnitReportReporter -->
<testsuite skipped="0" hostname="vikas" name="p1.Class1" tests="1" failures="0" timestamp="2023-01-10T11:09:46 IST" time="0.000" errors="0">
  <testcase name="f" time="0.000" classname="p1.Class1"/>
  <system-out>
    <![CDATA[Test1 executed]]>
  </system-out>
</testsuite> <!-- p1.Class1 -->
